[2026-05-21 11:54:37] Instalando dependencias del frontend...

up to date, audited 153 packages in 1s

36 packages are looking for funding
  run `npm fund` for details

found 0 vulnerabilities
[2026-05-21 11:54:40] Compilando frontend...

> frontend@0.0.0 build
> vite build

[36mvite v8.0.8 [32mbuilding client environment for production...[36m[39m
[2Ktransforming...✓ 29 modules transformed.
rendering chunks...
computing gzip size...
dist/index.html                         0.49 kB │ gzip:  0.31 kB
dist/login/index.html                   0.57 kB │ gzip:  0.34 kB
dist/inscripcion/index.html             0.57 kB │ gzip:  0.34 kB
dist/dashboard/index.html               0.57 kB │ gzip:  0.34 kB
dist/assets/jsx-runtime-BVCPgXHm.css   23.76 kB │ gzip:  4.78 kB
dist/assets/login-DPoDyzQX.js           3.41 kB │ gzip:  1.35 kB
dist/assets/inscription-t_j-6crg.js    11.63 kB │ gzip:  3.10 kB
dist/assets/dashboard-CD-U3KjU.js      29.62 kB │ gzip:  6.29 kB
dist/assets/jsx-runtime-_nH2QruY.js   190.90 kB │ gzip: 60.13 kB

[32m✓ built in 375ms[39m
[2026-05-21 11:54:41] Actualizando archivos en C:\inetpub\wwwroot\pasarela_pago...
[2026-05-21 11:54:41] Application pool reiniciado: ed_continua
[2026-05-21 11:54:41] Despliegue terminado.
[2026-05-21 15:23:21] Instalando dependencias del frontend...

up to date, audited 153 packages in 1s

36 packages are looking for funding
  run `npm fund` for details

found 0 vulnerabilities
[2026-05-21 15:23:23] Compilando frontend...

> frontend@0.0.0 build
> vite build

[36mvite v8.0.8 [32mbuilding client environment for production...[36m[39m
[2Ktransforming...✓ 29 modules transformed.
rendering chunks...
computing gzip size...
dist/index.html                         0.49 kB │ gzip:  0.31 kB
dist/login/index.html                   0.57 kB │ gzip:  0.34 kB
dist/inscripcion/index.html             0.57 kB │ gzip:  0.34 kB
dist/dashboard/index.html               0.57 kB │ gzip:  0.34 kB
dist/assets/jsx-runtime-BWulUoOG.css   24.32 kB │ gzip:  4.90 kB
dist/assets/login-CHpwqdOl.js           3.41 kB │ gzip:  1.34 kB
dist/assets/inscription-DAkc5QlU.js    11.62 kB │ gzip:  3.12 kB
dist/assets/dashboard-Bdh0VNu5.js      29.78 kB │ gzip:  6.35 kB
dist/assets/jsx-runtime-CHMlMhUa.js   190.90 kB │ gzip: 60.13 kB

[32m✓ built in 205ms[39m
[2026-05-21 15:23:24] Actualizando archivos en C:\inetpub\wwwroot\pasarela_pago...
[2026-05-21 15:23:25] Application pool reiniciado: ed_continua
[2026-05-21 15:23:25] Despliegue terminado.
[2026-05-22 12:12:39] Instalando dependencias del frontend...

up to date, audited 153 packages in 692ms

36 packages are looking for funding
  run `npm fund` for details

found 0 vulnerabilities
[2026-05-22 12:12:42] Compilando frontend...

> frontend@0.0.0 build
> vite build

[36mvite v8.0.8 [32mbuilding client environment for production...[36m[39m
[2Ktransforming...✓ 30 modules transformed.
rendering chunks...
computing gzip size...
dist/index.html                         0.49 kB │ gzip:  0.31 kB
dist/login/index.html                   0.57 kB │ gzip:  0.34 kB
dist/inscripcion/index.html             0.57 kB │ gzip:  0.34 kB
dist/dashboard/index.html               0.57 kB │ gzip:  0.34 kB
dist/assets/jsx-runtime-BTFyGJuy.css   26.24 kB │ gzip:  5.14 kB
dist/assets/login-BCB5Iqz1.js           3.41 kB │ gzip:  1.35 kB
dist/assets/inscription-C84MAttJ.js    11.62 kB │ gzip:  3.12 kB
dist/assets/dashboard-Ca90IzJz.js      38.04 kB │ gzip:  8.14 kB
dist/assets/jsx-runtime-DtZYNLs2.js   190.90 kB │ gzip: 60.13 kB

[32m✓ built in 196ms[39m
[2026-05-22 12:12:43] Actualizando archivos en C:\inetpub\wwwroot\pasarela_pago...
[2026-05-22 12:12:44] Application pool reiniciado: ed_continua
[2026-05-22 12:12:44] Despliegue terminado.
