2026-05-20 22:29:19.518602: wfastcgi.py will restart when files in C:\Users\Administrator\Documents\PASRELA-DE-PAGO-ED\backend\ are changed: .*((\.py)|(\.config))$
2026-05-20 22:29:19.518918: wfastcgi.py will restart when files in C:\Users\Administrator\Documents\PASRELA-DE-PAGO-ED\backend\ are changed: .*((\.py)|(\.config))$
2026-05-20 22:29:19.526436: wfastcgi.py 3.0.0 initialized
2026-05-20 22:29:53.032750: wfastcgi.py exiting because E_Cont\E_Cont\wsgi.py has changed, matching .*((\.py)|(\.config))$
2026-05-20 22:29:53.043141: Running on_exit tasks
2026-05-20 22:29:53.045614: wfastcgi.py exiting because E_Cont\E_Cont\wsgi.py has changed, matching .*((\.py)|(\.config))$
2026-05-20 22:29:53.054358: Running on_exit tasks
2026-05-20 22:30:09.844056: wfastcgi.py will restart when files in C:\Users\Administrator\Documents\PASRELA-DE-PAGO-ED\backend\ are changed: .*((\.py)|(\.config))$
2026-05-20 22:30:09.852249: wfastcgi.py 3.0.0 initialized
2026-05-20 22:30:32.424069: wfastcgi.py will restart when files in C:\Users\Administrator\Documents\PASRELA-DE-PAGO-ED\backend\ are changed: .*((\.py)|(\.config))$
2026-05-20 22:30:32.435364: wfastcgi.py 3.0.0 initialized
2026-05-20 22:35:59.219873: Unhandled exception in wfastcgi.py: Traceback (most recent call last):
  File "C:\Users\Administrator\Documents\PASRELA-DE-PAGO-ED\.venv\Lib\site-packages\wfastcgi.py", line 774, in main
    record = read_fastcgi_record(fcgi_stream)
  File "C:\Users\Administrator\Documents\PASRELA-DE-PAGO-ED\.venv\Lib\site-packages\wfastcgi.py", line 158, in read_fastcgi_record
    data = stream.read(8)     # read record
OSError: [Errno 22] Invalid argument
2026-05-20 22:35:59.230573: Running on_exit tasks
2026-05-20 22:35:59.238987: wfastcgi.py 3.0.0 closed
2026-05-20 22:35:59.268901: Unhandled exception in wfastcgi.py: Traceback (most recent call last):
  File "C:\Users\Administrator\Documents\PASRELA-DE-PAGO-ED\.venv\Lib\site-packages\wfastcgi.py", line 774, in main
    record = read_fastcgi_record(fcgi_stream)
  File "C:\Users\Administrator\Documents\PASRELA-DE-PAGO-ED\.venv\Lib\site-packages\wfastcgi.py", line 158, in read_fastcgi_record
    data = stream.read(8)     # read record
OSError: [Errno 22] Invalid argument
2026-05-20 22:35:59.275614: Running on_exit tasks
2026-05-20 22:35:59.281748: wfastcgi.py 3.0.0 closed
2026-05-20 22:36:00.249442: wfastcgi.py exiting because E_Cont\E_Cont\settings.py has changed, matching .*((\.py)|(\.config))$
2026-05-20 22:36:00.258216: Running on_exit tasks
2026-05-20 22:37:37.633140: wfastcgi.py will restart when files in C:\Users\Administrator\Documents\PASRELA-DE-PAGO-ED\backend\ are changed: .*((\.py)|(\.config))$
2026-05-20 22:37:37.642084: wfastcgi.py 3.0.0 initialized
2026-05-20 22:42:52.031359: Unhandled exception in wfastcgi.py: Traceback (most recent call last):
  File "C:\Users\Administrator\Documents\PASRELA-DE-PAGO-ED\.venv\Lib\site-packages\wfastcgi.py", line 774, in main
    record = read_fastcgi_record(fcgi_stream)
  File "C:\Users\Administrator\Documents\PASRELA-DE-PAGO-ED\.venv\Lib\site-packages\wfastcgi.py", line 158, in read_fastcgi_record
    data = stream.read(8)     # read record
OSError: [Errno 22] Invalid argument
2026-05-20 22:42:52.040103: Running on_exit tasks
2026-05-20 22:42:52.047866: wfastcgi.py 3.0.0 closed
2026-05-21 00:09:07.610266: wfastcgi.py will restart when files in C:\Users\Administrator\Documents\PASRELA-DE-PAGO-ED\backend\ are changed: .*((\.py)|(\.config))$
2026-05-21 00:09:07.617490: wfastcgi.py 3.0.0 initialized
2026-05-21 00:10:31.121767: wfastcgi.py will restart when files in C:\Users\Administrator\Documents\PASRELA-DE-PAGO-ED\backend\ are changed: .*((\.py)|(\.config))$
2026-05-21 00:10:31.131003: wfastcgi.py 3.0.0 initialized
2026-05-21 00:11:07.746681: wfastcgi.py exiting because web.config has changed, matching .*((\.py)|(\.config))$
2026-05-21 00:11:07.760502: Running on_exit tasks
2026-05-21 00:11:16.487185: wfastcgi.py will restart when files in C:\Users\Administrator\Documents\PASRELA-DE-PAGO-ED\backend\ are changed: .*((\.py)|(\.config))$
2026-05-21 00:11:16.538760: wfastcgi.py 3.0.0 initialized
2026-05-21 00:15:02.708665: wfastcgi.py will restart when files in C:\Users\Administrator\Documents\PASRELA-DE-PAGO-ED\backend\ are changed: .*((\.py)|(\.config))$
2026-05-21 00:15:02.716403: wfastcgi.py 3.0.0 initialized
2026-05-21 00:20:17.219739: Unhandled exception in wfastcgi.py: Traceback (most recent call last):
  File "C:\Users\Administrator\Documents\PASRELA-DE-PAGO-ED\.venv\Lib\site-packages\wfastcgi.py", line 774, in main
    record = read_fastcgi_record(fcgi_stream)
  File "C:\Users\Administrator\Documents\PASRELA-DE-PAGO-ED\.venv\Lib\site-packages\wfastcgi.py", line 158, in read_fastcgi_record
    data = stream.read(8)     # read record
OSError: [Errno 22] Invalid argument
2026-05-21 00:20:17.227801: Running on_exit tasks
2026-05-21 00:20:17.233936: wfastcgi.py 3.0.0 closed
2026-05-21 00:20:35.662793: Unhandled exception in wfastcgi.py: Traceback (most recent call last):
  File "C:\Users\Administrator\Documents\PASRELA-DE-PAGO-ED\.venv\Lib\site-packages\wfastcgi.py", line 774, in main
    record = read_fastcgi_record(fcgi_stream)
  File "C:\Users\Administrator\Documents\PASRELA-DE-PAGO-ED\.venv\Lib\site-packages\wfastcgi.py", line 158, in read_fastcgi_record
    data = stream.read(8)     # read record
OSError: [Errno 22] Invalid argument
2026-05-21 00:20:35.669421: Running on_exit tasks
2026-05-21 00:20:35.675502: wfastcgi.py 3.0.0 closed
2026-05-21 09:18:33.957880: wfastcgi.py will restart when files in C:\Users\Administrator\Documents\PASRELA-DE-PAGO-ED\backend\ are changed: .*((\.py)|(\.config))$
2026-05-21 09:18:33.966362: wfastcgi.py 3.0.0 initialized
2026-05-21 09:18:33.966373: wfastcgi.py 3.0.0 initialized
2026-05-21 09:20:13.296999: wfastcgi.py will restart when files in C:\Users\Administrator\Documents\PASRELA-DE-PAGO-ED\backend\ are changed: .*((\.py)|(\.config))$
2026-05-21 09:20:13.305251: wfastcgi.py 3.0.0 initialized
2026-05-21 09:20:13.305303: wfastcgi.py 3.0.0 initialized
2026-05-21 09:25:27.699389: Unhandled exception in wfastcgi.py: Traceback (most recent call last):
  File "C:\Users\Administrator\Documents\PASRELA-DE-PAGO-ED\.venv\Lib\site-packages\wfastcgi.py", line 774, in main
    record = read_fastcgi_record(fcgi_stream)
  File "C:\Users\Administrator\Documents\PASRELA-DE-PAGO-ED\.venv\Lib\site-packages\wfastcgi.py", line 158, in read_fastcgi_record
    data = stream.read(8)     # read record
OSError: [Errno 22] Invalid argument
2026-05-21 09:25:27.712882: Running on_exit tasks
2026-05-21 09:25:27.722195: Running on_exit tasks
2026-05-21 09:25:27.722223: wfastcgi.py 3.0.0 closed
2026-05-21 09:25:27.731474: wfastcgi.py 3.0.0 closed
2026-05-21 09:25:33.380268: Unhandled exception in wfastcgi.py: Traceback (most recent call last):
  File "C:\Users\Administrator\Documents\PASRELA-DE-PAGO-ED\.venv\Lib\site-packages\wfastcgi.py", line 774, in main
    record = read_fastcgi_record(fcgi_stream)
  File "C:\Users\Administrator\Documents\PASRELA-DE-PAGO-ED\.venv\Lib\site-packages\wfastcgi.py", line 158, in read_fastcgi_record
    data = stream.read(8)     # read record
OSError: [Errno 22] Invalid argument
2026-05-21 09:25:33.390151: Running on_exit tasks
2026-05-21 09:25:33.399127: wfastcgi.py 3.0.0 closed
2026-05-21 09:25:33.421074: wfastcgi.py 3.0.0 closed
2026-05-21 09:26:01.143145: wfastcgi.py will restart when files in C:\Users\Administrator\Documents\PASRELA-DE-PAGO-ED\backend\ are changed: .*((\.py)|(\.config))$
2026-05-21 09:26:01.152139: wfastcgi.py 3.0.0 initialized
2026-05-21 09:26:01.167881: wfastcgi.py will restart when files in C:\Users\Administrator\Documents\PASRELA-DE-PAGO-ED\backend\ are changed: .*((\.py)|(\.config))$
2026-05-21 09:26:01.177443: wfastcgi.py 3.0.0 initialized
2026-05-21 09:31:15.562914: Unhandled exception in wfastcgi.py: Traceback (most recent call last):
  File "C:\Users\Administrator\Documents\PASRELA-DE-PAGO-ED\.venv\Lib\site-packages\wfastcgi.py", line 774, in main
    record = read_fastcgi_record(fcgi_stream)
  File "C:\Users\Administrator\Documents\PASRELA-DE-PAGO-ED\.venv\Lib\site-packages\wfastcgi.py", line 158, in read_fastcgi_record
    data = stream.read(8)     # read record
OSError: [Errno 22] Invalid argument
2026-05-21 09:31:15.571935: Running on_exit tasks
2026-05-21 09:31:15.580391: wfastcgi.py 3.0.0 closed
2026-05-21 09:31:15.589670: Unhandled exception in wfastcgi.py: Traceback (most recent call last):
  File "C:\Users\Administrator\Documents\PASRELA-DE-PAGO-ED\.venv\Lib\site-packages\wfastcgi.py", line 774, in main
    record = read_fastcgi_record(fcgi_stream)
  File "C:\Users\Administrator\Documents\PASRELA-DE-PAGO-ED\.venv\Lib\site-packages\wfastcgi.py", line 158, in read_fastcgi_record
    data = stream.read(8)     # read record
OSError: [Errno 22] Invalid argument
2026-05-21 09:31:15.598947: Running on_exit tasks
2026-05-21 09:31:15.608096: wfastcgi.py 3.0.0 closed
2026-05-21 09:34:08.701824: wfastcgi.py will restart when files in C:\Users\Administrator\Documents\PASRELA-DE-PAGO-ED\backend\ are changed: .*((\.py)|(\.config))$
2026-05-21 09:34:08.708775: wfastcgi.py 3.0.0 initialized
2026-05-21 09:34:31.118854: wfastcgi.py will restart when files in C:\Users\Administrator\Documents\PASRELA-DE-PAGO-ED\backend\ are changed: .*((\.py)|(\.config))$
2026-05-21 09:34:31.133082: wfastcgi.py 3.0.0 initialized
2026-05-21 09:39:45.617590: Unhandled exception in wfastcgi.py: Traceback (most recent call last):
  File "C:\Users\Administrator\Documents\PASRELA-DE-PAGO-ED\.venv\Lib\site-packages\wfastcgi.py", line 774, in main
    record = read_fastcgi_record(fcgi_stream)
  File "C:\Users\Administrator\Documents\PASRELA-DE-PAGO-ED\.venv\Lib\site-packages\wfastcgi.py", line 158, in read_fastcgi_record
    data = stream.read(8)     # read record
OSError: [Errno 22] Invalid argument
2026-05-21 09:39:45.625953: Running on_exit tasks
2026-05-21 09:39:45.633364: wfastcgi.py 3.0.0 closed
2026-05-21 09:39:58.191382: Unhandled exception in wfastcgi.py: Traceback (most recent call last):
  File "C:\Users\Administrator\Documents\PASRELA-DE-PAGO-ED\.venv\Lib\site-packages\wfastcgi.py", line 774, in main
    record = read_fastcgi_record(fcgi_stream)
  File "C:\Users\Administrator\Documents\PASRELA-DE-PAGO-ED\.venv\Lib\site-packages\wfastcgi.py", line 158, in read_fastcgi_record
    data = stream.read(8)     # read record
OSError: [Errno 22] Invalid argument
2026-05-21 09:39:58.207794: Running on_exit tasks
2026-05-21 09:39:58.218569: wfastcgi.py 3.0.0 closed
2026-05-21 10:06:14.752948: wfastcgi.py will restart when files in C:\Users\Administrator\Documents\PASRELA-DE-PAGO-ED\backend\ are changed: .*((\.py)|(\.config))$
2026-05-21 10:06:14.753031: wfastcgi.py will restart when files in C:\Users\Administrator\Documents\PASRELA-DE-PAGO-ED\backend\ are changed: .*((\.py)|(\.config))$
2026-05-21 10:06:14.763509: wfastcgi.py 3.0.0 initialized
2026-05-21 10:06:14.763705: wfastcgi.py 3.0.0 initialized
2026-05-21 10:14:59.155080: Unhandled exception in wfastcgi.py: Traceback (most recent call last):
  File "C:\Users\Administrator\Documents\PASRELA-DE-PAGO-ED\.venv\Lib\site-packages\wfastcgi.py", line 774, in main
    record = read_fastcgi_record(fcgi_stream)
  File "C:\Users\Administrator\Documents\PASRELA-DE-PAGO-ED\.venv\Lib\site-packages\wfastcgi.py", line 158, in read_fastcgi_record
    data = stream.read(8)     # read record
OSError: [Errno 22] Invalid argument
2026-05-21 10:14:59.164855: Running on_exit tasks
2026-05-21 10:14:59.164969: Running on_exit tasks
2026-05-21 10:14:59.172754: wfastcgi.py 3.0.0 closed
2026-05-21 10:14:59.172856: wfastcgi.py 3.0.0 closed
2026-05-21 11:55:06.276492: wfastcgi.py will restart when files in C:\Users\Administrator\Documents\PASRELA-DE-PAGO-ED\backend\ are changed: .*((\.py)|(\.config))$
2026-05-21 11:55:06.285070: wfastcgi.py 3.0.0 initialized
2026-05-21 11:55:06.285088: wfastcgi.py 3.0.0 initialized
2026-05-21 12:12:00.189939: Unhandled exception in wfastcgi.py: Traceback (most recent call last):
  File "C:\Users\Administrator\Documents\PASRELA-DE-PAGO-ED\.venv\Lib\site-packages\wfastcgi.py", line 774, in main
    record = read_fastcgi_record(fcgi_stream)
  File "C:\Users\Administrator\Documents\PASRELA-DE-PAGO-ED\.venv\Lib\site-packages\wfastcgi.py", line 158, in read_fastcgi_record
    data = stream.read(8)     # read record
OSError: [Errno 22] Invalid argument
2026-05-21 12:12:00.203542: Running on_exit tasks
2026-05-21 12:12:00.212452: wfastcgi.py 3.0.0 closed
2026-05-21 12:12:00.212576: wfastcgi.py 3.0.0 closed
2026-05-21 12:16:20.127758: wfastcgi.py will restart when files in C:\Users\Administrator\Documents\PASRELA-DE-PAGO-ED\backend\ are changed: .*((\.py)|(\.config))$
2026-05-21 12:16:20.137248: wfastcgi.py 3.0.0 initialized
2026-05-21 12:22:44.578458: Unhandled exception in wfastcgi.py: Traceback (most recent call last):
  File "C:\Users\Administrator\Documents\PASRELA-DE-PAGO-ED\.venv\Lib\site-packages\wfastcgi.py", line 774, in main
    record = read_fastcgi_record(fcgi_stream)
  File "C:\Users\Administrator\Documents\PASRELA-DE-PAGO-ED\.venv\Lib\site-packages\wfastcgi.py", line 158, in read_fastcgi_record
    data = stream.read(8)     # read record
OSError: [Errno 22] Invalid argument
2026-05-21 12:22:44.587404: Running on_exit tasks
2026-05-21 12:22:44.595580: wfastcgi.py 3.0.0 closed
2026-05-21 12:42:56.367541: wfastcgi.py will restart when files in C:\Users\Administrator\Documents\PASRELA-DE-PAGO-ED\backend\ are changed: .*((\.py)|(\.config))$
2026-05-21 12:42:56.375970: wfastcgi.py 3.0.0 initialized
2026-05-21 12:42:56.376053: wfastcgi.py 3.0.0 initialized
2026-05-21 12:48:10.803280: Unhandled exception in wfastcgi.py: Traceback (most recent call last):
  File "C:\Users\Administrator\Documents\PASRELA-DE-PAGO-ED\.venv\Lib\site-packages\wfastcgi.py", line 774, in main
    record = read_fastcgi_record(fcgi_stream)
  File "C:\Users\Administrator\Documents\PASRELA-DE-PAGO-ED\.venv\Lib\site-packages\wfastcgi.py", line 158, in read_fastcgi_record
    data = stream.read(8)     # read record
OSError: [Errno 22] Invalid argument
2026-05-21 12:48:10.803333: Unhandled exception in wfastcgi.py: Traceback (most recent call last):
  File "C:\Users\Administrator\Documents\PASRELA-DE-PAGO-ED\.venv\Lib\site-packages\wfastcgi.py", line 774, in main
    record = read_fastcgi_record(fcgi_stream)
  File "C:\Users\Administrator\Documents\PASRELA-DE-PAGO-ED\.venv\Lib\site-packages\wfastcgi.py", line 158, in read_fastcgi_record
    data = stream.read(8)     # read record
OSError: [Errno 22] Invalid argument
2026-05-21 12:48:10.813212: Running on_exit tasks
2026-05-21 12:48:10.822299: wfastcgi.py 3.0.0 closed
2026-05-21 12:48:10.871100: wfastcgi.py 3.0.0 closed
2026-05-21 13:15:53.256539: wfastcgi.py will restart when files in C:\Users\Administrator\Documents\PASRELA-DE-PAGO-ED\backend\ are changed: .*((\.py)|(\.config))$
2026-05-21 13:15:53.265741: wfastcgi.py 3.0.0 initialized
2026-05-21 13:15:53.265753: wfastcgi.py 3.0.0 initialized
2026-05-21 13:21:07.729740: Unhandled exception in wfastcgi.py: Traceback (most recent call last):
  File "C:\Users\Administrator\Documents\PASRELA-DE-PAGO-ED\.venv\Lib\site-packages\wfastcgi.py", line 774, in main
    record = read_fastcgi_record(fcgi_stream)
  File "C:\Users\Administrator\Documents\PASRELA-DE-PAGO-ED\.venv\Lib\site-packages\wfastcgi.py", line 158, in read_fastcgi_record
    data = stream.read(8)     # read record
OSError: [Errno 22] Invalid argument
2026-05-21 13:21:07.739339: Running on_exit tasks
2026-05-21 13:21:07.746586: wfastcgi.py 3.0.0 closed
2026-05-21 14:48:39.512998: wfastcgi.py will restart when files in C:\Users\Administrator\Documents\PASRELA-DE-PAGO-ED\backend\ are changed: .*((\.py)|(\.config))$
2026-05-21 14:48:39.522081: wfastcgi.py 3.0.0 initialized
2026-05-21 14:58:33.995811: Unhandled exception in wfastcgi.py: Traceback (most recent call last):
  File "C:\Users\Administrator\Documents\PASRELA-DE-PAGO-ED\.venv\Lib\site-packages\wfastcgi.py", line 774, in main
    record = read_fastcgi_record(fcgi_stream)
  File "C:\Users\Administrator\Documents\PASRELA-DE-PAGO-ED\.venv\Lib\site-packages\wfastcgi.py", line 158, in read_fastcgi_record
    data = stream.read(8)     # read record
OSError: [Errno 22] Invalid argument
2026-05-21 14:58:34.005263: Running on_exit tasks
2026-05-21 14:58:34.012865: wfastcgi.py 3.0.0 closed
2026-05-21 14:58:34.012969: wfastcgi.py 3.0.0 closed
2026-05-21 15:05:21.676296: wfastcgi.py will restart when files in C:\Users\Administrator\Documents\PASRELA-DE-PAGO-ED\backend\ are changed: .*((\.py)|(\.config))$
2026-05-21 15:05:21.684222: wfastcgi.py 3.0.0 initialized
2026-05-21 15:05:21.684250: wfastcgi.py 3.0.0 initialized
2026-05-21 15:10:36.147216: Unhandled exception in wfastcgi.py: Traceback (most recent call last):
  File "C:\Users\Administrator\Documents\PASRELA-DE-PAGO-ED\.venv\Lib\site-packages\wfastcgi.py", line 774, in main
    record = read_fastcgi_record(fcgi_stream)
  File "C:\Users\Administrator\Documents\PASRELA-DE-PAGO-ED\.venv\Lib\site-packages\wfastcgi.py", line 158, in read_fastcgi_record
    data = stream.read(8)     # read record
OSError: [Errno 22] Invalid argument
2026-05-21 15:10:36.156307: Running on_exit tasks
2026-05-21 15:10:36.163608: wfastcgi.py 3.0.0 closed
2026-05-21 15:10:36.163889: wfastcgi.py 3.0.0 closed
2026-05-21 15:16:15.953650: wfastcgi.py will restart when files in C:\Users\Administrator\Documents\PASRELA-DE-PAGO-ED\backend\ are changed: .*((\.py)|(\.config))$
2026-05-21 15:16:15.963750: wfastcgi.py 3.0.0 initialized
2026-05-21 15:16:15.976642: wfastcgi.py will restart when files in C:\Users\Administrator\Documents\PASRELA-DE-PAGO-ED\backend\ are changed: .*((\.py)|(\.config))$
2026-05-21 15:16:15.984144: wfastcgi.py 3.0.0 initialized
2026-05-21 15:21:30.446106: Unhandled exception in wfastcgi.py: Traceback (most recent call last):
  File "C:\Users\Administrator\Documents\PASRELA-DE-PAGO-ED\.venv\Lib\site-packages\wfastcgi.py", line 774, in main
    record = read_fastcgi_record(fcgi_stream)
  File "C:\Users\Administrator\Documents\PASRELA-DE-PAGO-ED\.venv\Lib\site-packages\wfastcgi.py", line 158, in read_fastcgi_record
    data = stream.read(8)     # read record
OSError: [Errno 22] Invalid argument
2026-05-21 15:21:30.455568: Running on_exit tasks
2026-05-21 15:21:30.463239: Unhandled exception in wfastcgi.py: Traceback (most recent call last):
  File "C:\Users\Administrator\Documents\PASRELA-DE-PAGO-ED\.venv\Lib\site-packages\wfastcgi.py", line 774, in main
    record = read_fastcgi_record(fcgi_stream)
  File "C:\Users\Administrator\Documents\PASRELA-DE-PAGO-ED\.venv\Lib\site-packages\wfastcgi.py", line 158, in read_fastcgi_record
    data = stream.read(8)     # read record
OSError: [Errno 22] Invalid argument
2026-05-21 15:21:30.474497: Running on_exit tasks
2026-05-21 15:21:30.483994: wfastcgi.py 3.0.0 closed
2026-05-21 15:41:05.860346: wfastcgi.py will restart when files in C:\Users\Administrator\Documents\PASRELA-DE-PAGO-ED\backend\ are changed: .*((\.py)|(\.config))$
2026-05-21 15:41:05.869496: wfastcgi.py 3.0.0 initialized
2026-05-21 15:41:05.869537: wfastcgi.py 3.0.0 initialized
2026-05-21 15:46:20.310778: Unhandled exception in wfastcgi.py: Traceback (most recent call last):
  File "C:\Users\Administrator\Documents\PASRELA-DE-PAGO-ED\.venv\Lib\site-packages\wfastcgi.py", line 774, in main
    record = read_fastcgi_record(fcgi_stream)
  File "C:\Users\Administrator\Documents\PASRELA-DE-PAGO-ED\.venv\Lib\site-packages\wfastcgi.py", line 158, in read_fastcgi_record
    data = stream.read(8)     # read record
OSError: [Errno 22] Invalid argument
2026-05-21 15:46:20.320356: Running on_exit tasks
2026-05-21 15:46:20.328444: wfastcgi.py 3.0.0 closed
2026-05-21 19:15:37.093644: wfastcgi.py will restart when files in C:\Users\Administrator\Documents\PASRELA-DE-PAGO-ED\backend\ are changed: .*((\.py)|(\.config))$
2026-05-21 19:15:37.103174: wfastcgi.py 3.0.0 initialized
2026-05-21 19:15:37.103189: wfastcgi.py 3.0.0 initialized
2026-05-21 19:20:51.577962: Unhandled exception in wfastcgi.py: Traceback (most recent call last):
  File "C:\Users\Administrator\Documents\PASRELA-DE-PAGO-ED\.venv\Lib\site-packages\wfastcgi.py", line 774, in main
    record = read_fastcgi_record(fcgi_stream)
  File "C:\Users\Administrator\Documents\PASRELA-DE-PAGO-ED\.venv\Lib\site-packages\wfastcgi.py", line 158, in read_fastcgi_record
    data = stream.read(8)     # read record
OSError: [Errno 22] Invalid argument
2026-05-21 19:20:51.587826: Running on_exit tasks
2026-05-21 19:20:51.596230: wfastcgi.py 3.0.0 closed
2026-05-21 19:20:51.619481: Running on_exit tasks
2026-05-21 19:20:51.626386: wfastcgi.py 3.0.0 closed
2026-05-21 23:15:39.365407: wfastcgi.py will restart when files in C:\Users\Administrator\Documents\PASRELA-DE-PAGO-ED\backend\ are changed: .*((\.py)|(\.config))$
2026-05-21 23:15:39.365426: wfastcgi.py will restart when files in C:\Users\Administrator\Documents\PASRELA-DE-PAGO-ED\backend\ are changed: .*((\.py)|(\.config))$
2026-05-21 23:15:39.373818: wfastcgi.py 3.0.0 initialized
2026-05-21 23:20:53.573084: Unhandled exception in wfastcgi.py: Traceback (most recent call last):
  File "C:\Users\Administrator\Documents\PASRELA-DE-PAGO-ED\.venv\Lib\site-packages\wfastcgi.py", line 774, in main
    record = read_fastcgi_record(fcgi_stream)
  File "C:\Users\Administrator\Documents\PASRELA-DE-PAGO-ED\.venv\Lib\site-packages\wfastcgi.py", line 158, in read_fastcgi_record
    data = stream.read(8)     # read record
OSError: [Errno 22] Invalid argument
2026-05-21 23:20:53.583231: Running on_exit tasks
2026-05-21 23:20:53.583230: Running on_exit tasks
2026-05-21 23:20:53.591602: wfastcgi.py 3.0.0 closed
2026-05-22 00:42:04.622024: wfastcgi.py will restart when files in C:\Users\Administrator\Documents\PASRELA-DE-PAGO-ED\backend\ are changed: .*((\.py)|(\.config))$
2026-05-22 00:42:04.622041: wfastcgi.py will restart when files in C:\Users\Administrator\Documents\PASRELA-DE-PAGO-ED\backend\ are changed: .*((\.py)|(\.config))$
2026-05-22 00:42:04.631172: wfastcgi.py 3.0.0 initialized
2026-05-22 00:42:04.631190: wfastcgi.py 3.0.0 initialized
2026-05-22 00:47:19.046419: Unhandled exception in wfastcgi.py: Traceback (most recent call last):
  File "C:\Users\Administrator\Documents\PASRELA-DE-PAGO-ED\.venv\Lib\site-packages\wfastcgi.py", line 774, in main
    record = read_fastcgi_record(fcgi_stream)
  File "C:\Users\Administrator\Documents\PASRELA-DE-PAGO-ED\.venv\Lib\site-packages\wfastcgi.py", line 158, in read_fastcgi_record
    data = stream.read(8)     # read record
OSError: [Errno 22] Invalid argument
2026-05-22 00:47:19.055500: Running on_exit tasks
2026-05-22 00:47:19.063495: wfastcgi.py 3.0.0 closed
2026-05-22 00:47:19.063658: wfastcgi.py 3.0.0 closed
2026-05-22 01:25:20.392665: wfastcgi.py will restart when files in C:\Users\Administrator\Documents\PASRELA-DE-PAGO-ED\backend\ are changed: .*((\.py)|(\.config))$
2026-05-22 01:25:20.400233: wfastcgi.py 3.0.0 initialized
2026-05-22 01:25:20.400293: wfastcgi.py 3.0.0 initialized
2026-05-22 01:30:34.828908: Unhandled exception in wfastcgi.py: Traceback (most recent call last):
  File "C:\Users\Administrator\Documents\PASRELA-DE-PAGO-ED\.venv\Lib\site-packages\wfastcgi.py", line 774, in main
    record = read_fastcgi_record(fcgi_stream)
  File "C:\Users\Administrator\Documents\PASRELA-DE-PAGO-ED\.venv\Lib\site-packages\wfastcgi.py", line 158, in read_fastcgi_record
    data = stream.read(8)     # read record
OSError: [Errno 22] Invalid argument
2026-05-22 01:30:34.837860: Running on_exit tasks
2026-05-22 01:30:34.844686: wfastcgi.py 3.0.0 closed
2026-05-22 07:13:57.650879: wfastcgi.py will restart when files in C:\Users\Administrator\Documents\PASRELA-DE-PAGO-ED\backend\ are changed: .*((\.py)|(\.config))$
2026-05-22 07:13:57.650908: wfastcgi.py will restart when files in C:\Users\Administrator\Documents\PASRELA-DE-PAGO-ED\backend\ are changed: .*((\.py)|(\.config))$
2026-05-22 07:13:57.659389: wfastcgi.py 3.0.0 initialized
2026-05-22 07:19:11.902827: Unhandled exception in wfastcgi.py: Traceback (most recent call last):
  File "C:\Users\Administrator\Documents\PASRELA-DE-PAGO-ED\.venv\Lib\site-packages\wfastcgi.py", line 774, in main
    record = read_fastcgi_record(fcgi_stream)
  File "C:\Users\Administrator\Documents\PASRELA-DE-PAGO-ED\.venv\Lib\site-packages\wfastcgi.py", line 158, in read_fastcgi_record
    data = stream.read(8)     # read record
OSError: [Errno 22] Invalid argument
2026-05-22 07:19:11.912347: Running on_exit tasks
2026-05-22 07:19:11.912445: Running on_exit tasks
2026-05-22 07:19:11.919403: wfastcgi.py 3.0.0 closed
2026-05-22 12:17:28.442300: wfastcgi.py will restart when files in C:\Users\Administrator\Documents\PASRELA-DE-PAGO-ED\backend\ are changed: .*((\.py)|(\.config))$
2026-05-22 12:17:28.451474: wfastcgi.py 3.0.0 initialized
2026-05-22 12:17:33.016145: wfastcgi.py will restart when files in C:\Users\Administrator\Documents\PASRELA-DE-PAGO-ED\backend\ are changed: .*((\.py)|(\.config))$
2026-05-22 12:17:33.023586: wfastcgi.py 3.0.0 initialized
2026-05-22 12:17:43.046714: wfastcgi.py will restart when files in C:\Users\Administrator\Documents\PASRELA-DE-PAGO-ED\backend\ are changed: .*((\.py)|(\.config))$
2026-05-22 12:17:43.054249: wfastcgi.py 3.0.0 initialized
2026-05-22 12:27:37.391990: Unhandled exception in wfastcgi.py: Traceback (most recent call last):
  File "C:\Users\Administrator\Documents\PASRELA-DE-PAGO-ED\.venv\Lib\site-packages\wfastcgi.py", line 774, in main
    record = read_fastcgi_record(fcgi_stream)
  File "C:\Users\Administrator\Documents\PASRELA-DE-PAGO-ED\.venv\Lib\site-packages\wfastcgi.py", line 158, in read_fastcgi_record
    data = stream.read(8)     # read record
OSError: [Errno 22] Invalid argument
2026-05-22 12:27:37.402138: Running on_exit tasks
2026-05-22 12:27:37.411723: wfastcgi.py 3.0.0 closed
2026-05-22 12:27:48.741138: wfastcgi.py exiting because E_Cont\E_Cont\settings.py has changed, matching .*((\.py)|(\.config))$
2026-05-22 12:27:48.763191: Running on_exit tasks
2026-05-22 12:29:22.166918: wfastcgi.py will restart when files in C:\Users\Administrator\Documents\PASRELA-DE-PAGO-ED\backend\ are changed: .*((\.py)|(\.config))$
2026-05-22 12:29:22.174696: wfastcgi.py 3.0.0 initialized
2026-05-22 12:29:22.174735: wfastcgi.py 3.0.0 initialized
2026-05-22 12:34:36.554249: Unhandled exception in wfastcgi.py: Traceback (most recent call last):
  File "C:\Users\Administrator\Documents\PASRELA-DE-PAGO-ED\.venv\Lib\site-packages\wfastcgi.py", line 774, in main
    record = read_fastcgi_record(fcgi_stream)
  File "C:\Users\Administrator\Documents\PASRELA-DE-PAGO-ED\.venv\Lib\site-packages\wfastcgi.py", line 158, in read_fastcgi_record
    data = stream.read(8)     # read record
OSError: [Errno 22] Invalid argument
2026-05-22 12:34:36.565108: Running on_exit tasks
2026-05-22 12:34:36.565751: Running on_exit tasks
2026-05-22 12:34:36.574791: wfastcgi.py 3.0.0 closed
2026-05-22 12:34:36.587342: wfastcgi.py 3.0.0 closed
2026-05-22 12:34:49.641026: wfastcgi.py will restart when files in C:\Users\Administrator\Documents\PASRELA-DE-PAGO-ED\backend\ are changed: .*((\.py)|(\.config))$
2026-05-22 12:34:49.653480: wfastcgi.py 3.0.0 initialized
2026-05-22 12:35:27.029243: wfastcgi.py exiting because E_Cont\dashboard_auth\views.py has changed, matching .*((\.py)|(\.config))$
2026-05-22 12:35:27.045778: Running on_exit tasks
2026-05-22 12:36:14.914477: wfastcgi.py will restart when files in C:\Users\Administrator\Documents\PASRELA-DE-PAGO-ED\backend\ are changed: .*((\.py)|(\.config))$
2026-05-22 12:36:14.924000: wfastcgi.py 3.0.0 initialized
2026-05-22 12:36:14.924022: wfastcgi.py 3.0.0 initialized
2026-06-01 12:14:37.589938: wfastcgi.py will restart when files in C:\Users\Administrator\Documents\PASRELA-DE-PAGO-ED\backend\ are changed: .*((\.py)|(\.config))$
2026-06-01 12:14:37.598801: wfastcgi.py 3.0.0 initialized
2026-06-01 12:17:40.237981: Unhandled exception in wfastcgi.py: Traceback (most recent call last):
  File "C:\Users\Administrator\Documents\PASRELA-DE-PAGO-ED\.venv\Lib\site-packages\wfastcgi.py", line 774, in main
    record = read_fastcgi_record(fcgi_stream)
  File "C:\Users\Administrator\Documents\PASRELA-DE-PAGO-ED\.venv\Lib\site-packages\wfastcgi.py", line 158, in read_fastcgi_record
    data = stream.read(8)     # read record
OSError: [Errno 22] Invalid argument
2026-06-01 12:17:40.248856: Running on_exit tasks
2026-06-01 12:17:40.260536: wfastcgi.py 3.0.0 closed
2026-06-01 12:17:52.555595: wfastcgi.py will restart when files in C:\Users\Administrator\Documents\PASRELA-DE-PAGO-ED\backend\ are changed: .*((\.py)|(\.config))$
2026-06-01 12:17:52.565166: wfastcgi.py 3.0.0 initialized
2026-06-01 12:23:06.913744: Unhandled exception in wfastcgi.py: Traceback (most recent call last):
  File "C:\Users\Administrator\Documents\PASRELA-DE-PAGO-ED\.venv\Lib\site-packages\wfastcgi.py", line 774, in main
    record = read_fastcgi_record(fcgi_stream)
  File "C:\Users\Administrator\Documents\PASRELA-DE-PAGO-ED\.venv\Lib\site-packages\wfastcgi.py", line 158, in read_fastcgi_record
    data = stream.read(8)     # read record
OSError: [Errno 22] Invalid argument
2026-06-01 12:23:06.924612: Running on_exit tasks
2026-06-01 12:23:06.935223: wfastcgi.py 3.0.0 closed
2026-06-01 16:09:55.349556: wfastcgi.py will restart when files in C:\Users\Administrator\Documents\PASRELA-DE-PAGO-ED\backend\ are changed: .*((\.py)|(\.config))$
2026-06-01 16:09:55.364495: wfastcgi.py 3.0.0 initialized
2026-06-01 16:11:39.809783: wfastcgi.py will restart when files in C:\Users\Administrator\Documents\PASRELA-DE-PAGO-ED\backend\ are changed: .*((\.py)|(\.config))$
2026-06-01 16:11:39.820522: wfastcgi.py 3.0.0 initialized
2026-06-01 16:16:54.824786: Unhandled exception in wfastcgi.py: Traceback (most recent call last):
  File "C:\Users\Administrator\Documents\PASRELA-DE-PAGO-ED\.venv\Lib\site-packages\wfastcgi.py", line 774, in main
    record = read_fastcgi_record(fcgi_stream)
  File "C:\Users\Administrator\Documents\PASRELA-DE-PAGO-ED\.venv\Lib\site-packages\wfastcgi.py", line 158, in read_fastcgi_record
    data = stream.read(8)     # read record
OSError: [Errno 22] Invalid argument
2026-06-01 16:16:54.835614: Running on_exit tasks
2026-06-01 16:16:54.846240: wfastcgi.py 3.0.0 closed
2026-06-01 16:17:29.301616: Unhandled exception in wfastcgi.py: Traceback (most recent call last):
  File "C:\Users\Administrator\Documents\PASRELA-DE-PAGO-ED\.venv\Lib\site-packages\wfastcgi.py", line 774, in main
    record = read_fastcgi_record(fcgi_stream)
  File "C:\Users\Administrator\Documents\PASRELA-DE-PAGO-ED\.venv\Lib\site-packages\wfastcgi.py", line 158, in read_fastcgi_record
    data = stream.read(8)     # read record
OSError: [Errno 22] Invalid argument
2026-06-01 16:17:29.313542: Running on_exit tasks
2026-06-01 16:17:29.324373: wfastcgi.py 3.0.0 closed
2026-06-02 19:31:22.462755: wfastcgi.py will restart when files in C:\Users\Administrator\Documents\PASRELA-DE-PAGO-ED\backend\ are changed: .*((\.py)|(\.config))$
2026-06-02 19:31:22.474094: wfastcgi.py 3.0.0 initialized
2026-06-02 19:33:34.485430: wfastcgi.py will restart when files in C:\Users\Administrator\Documents\PASRELA-DE-PAGO-ED\backend\ are changed: .*((\.py)|(\.config))$
2026-06-02 19:33:34.493027: wfastcgi.py 3.0.0 initialized
2026-06-02 19:34:23.997732: wfastcgi.py will restart when files in C:\Users\Administrator\Documents\PASRELA-DE-PAGO-ED\backend\ are changed: .*((\.py)|(\.config))$
2026-06-02 19:34:24.005676: wfastcgi.py 3.0.0 initialized
2026-06-02 19:34:24.005685: wfastcgi.py will restart when files in C:\Users\Administrator\Documents\PASRELA-DE-PAGO-ED\backend\ are changed: .*((\.py)|(\.config))$
2026-06-02 19:34:24.015185: wfastcgi.py 3.0.0 initialized
2026-06-02 19:36:47.142101: wfastcgi.py exiting because E_Cont\dashboard_auth\payments.py has changed, matching .*((\.py)|(\.config))$
2026-06-02 19:36:47.142343: wfastcgi.py exiting because E_Cont\dashboard_auth\payments.py has changed, matching .*((\.py)|(\.config))$
2026-06-02 19:36:47.152128: Running on_exit tasks
2026-06-02 19:36:47.152167: Running on_exit tasks
2026-06-02 19:37:15.994811: wfastcgi.py will restart when files in C:\Users\Administrator\Documents\PASRELA-DE-PAGO-ED\backend\ are changed: .*((\.py)|(\.config))$
2026-06-02 19:37:16.002885: wfastcgi.py 3.0.0 initialized
2026-06-02 19:38:45.895446: wfastcgi.py will restart when files in C:\Users\Administrator\Documents\PASRELA-DE-PAGO-ED\backend\ are changed: .*((\.py)|(\.config))$
2026-06-02 19:38:45.908187: wfastcgi.py 3.0.0 initialized
2026-06-02 19:45:06.245912: wfastcgi.py will restart when files in C:\Users\Administrator\Documents\PASRELA-DE-PAGO-ED\backend\ are changed: .*((\.py)|(\.config))$
2026-06-02 19:45:06.261200: wfastcgi.py 3.0.0 initialized
2026-06-02 19:45:29.598389: wfastcgi.py will restart when files in C:\Users\Administrator\Documents\PASRELA-DE-PAGO-ED\backend\ are changed: .*((\.py)|(\.config))$
2026-06-02 19:45:29.607298: wfastcgi.py 3.0.0 initialized
2026-06-02 19:50:44.028050: Unhandled exception in wfastcgi.py: Traceback (most recent call last):
  File "C:\Users\Administrator\Documents\PASRELA-DE-PAGO-ED\.venv\Lib\site-packages\wfastcgi.py", line 774, in main
    record = read_fastcgi_record(fcgi_stream)
  File "C:\Users\Administrator\Documents\PASRELA-DE-PAGO-ED\.venv\Lib\site-packages\wfastcgi.py", line 158, in read_fastcgi_record
    data = stream.read(8)     # read record
OSError: [Errno 22] Invalid argument
2026-06-02 19:50:44.037117: Running on_exit tasks
2026-06-02 19:50:44.046444: wfastcgi.py 3.0.0 closed
2026-06-02 20:03:46.633235: wfastcgi.py will restart when files in C:\Users\Administrator\Documents\PASRELA-DE-PAGO-ED\backend\ are changed: .*((\.py)|(\.config))$
2026-06-02 20:03:46.643820: wfastcgi.py 3.0.0 initialized
2026-06-02 20:09:07.435587: wfastcgi.py exiting because E_Cont\dashboard_auth\inscription_certificate.py has changed, matching .*((\.py)|(\.config))$
2026-06-02 20:09:07.448301: Running on_exit tasks
2026-06-02 20:09:44.450753: wfastcgi.py will restart when files in C:\Users\Administrator\Documents\PASRELA-DE-PAGO-ED\backend\ are changed: .*((\.py)|(\.config))$
2026-06-02 20:09:44.462841: wfastcgi.py 3.0.0 initialized
2026-06-03 08:24:11.665414: wfastcgi.py will restart when files in C:\Users\Administrator\Documents\PASRELA-DE-PAGO-ED\backend\ are changed: .*((\.py)|(\.config))$
2026-06-03 08:24:11.676556: wfastcgi.py 3.0.0 initialized
2026-06-03 08:29:26.009449: Unhandled exception in wfastcgi.py: Traceback (most recent call last):
  File "C:\Users\Administrator\Documents\PASRELA-DE-PAGO-ED\.venv\Lib\site-packages\wfastcgi.py", line 774, in main
    record = read_fastcgi_record(fcgi_stream)
  File "C:\Users\Administrator\Documents\PASRELA-DE-PAGO-ED\.venv\Lib\site-packages\wfastcgi.py", line 158, in read_fastcgi_record
    data = stream.read(8)     # read record
OSError: [Errno 22] Invalid argument
2026-06-03 08:29:26.021051: Running on_exit tasks
2026-06-03 08:29:26.031542: wfastcgi.py 3.0.0 closed
2026-06-03 18:59:44.578950: wfastcgi.py will restart when files in C:\Users\Administrator\Documents\PASRELA-DE-PAGO-ED\backend\ are changed: .*((\.py)|(\.config))$
2026-06-03 18:59:44.589979: wfastcgi.py 3.0.0 initialized
2026-06-03 19:04:59.039722: Unhandled exception in wfastcgi.py: Traceback (most recent call last):
  File "C:\Users\Administrator\Documents\PASRELA-DE-PAGO-ED\.venv\Lib\site-packages\wfastcgi.py", line 774, in main
    record = read_fastcgi_record(fcgi_stream)
  File "C:\Users\Administrator\Documents\PASRELA-DE-PAGO-ED\.venv\Lib\site-packages\wfastcgi.py", line 158, in read_fastcgi_record
    data = stream.read(8)     # read record
OSError: [Errno 22] Invalid argument
2026-06-03 19:04:59.049783: Running on_exit tasks
2026-06-03 19:04:59.059037: wfastcgi.py 3.0.0 closed
2026-06-03 22:18:39.867675: wfastcgi.py will restart when files in C:\Users\Administrator\Documents\PASRELA-DE-PAGO-ED\backend\ are changed: .*((\.py)|(\.config))$
2026-06-03 22:18:39.878315: wfastcgi.py 3.0.0 initialized
2026-06-03 22:23:54.077850: Unhandled exception in wfastcgi.py: Traceback (most recent call last):
  File "C:\Users\Administrator\Documents\PASRELA-DE-PAGO-ED\.venv\Lib\site-packages\wfastcgi.py", line 774, in main
    record = read_fastcgi_record(fcgi_stream)
  File "C:\Users\Administrator\Documents\PASRELA-DE-PAGO-ED\.venv\Lib\site-packages\wfastcgi.py", line 158, in read_fastcgi_record
    data = stream.read(8)     # read record
OSError: [Errno 22] Invalid argument
2026-06-03 22:23:54.089876: Running on_exit tasks
2026-06-03 22:23:54.101415: wfastcgi.py 3.0.0 closed
2026-06-04 08:26:43.191213: wfastcgi.py will restart when files in C:\Users\Administrator\Documents\PASRELA-DE-PAGO-ED\backend\ are changed: .*((\.py)|(\.config))$
2026-06-04 08:26:43.200608: wfastcgi.py 3.0.0 initialized
2026-06-04 08:31:57.657743: Unhandled exception in wfastcgi.py: Traceback (most recent call last):
  File "C:\Users\Administrator\Documents\PASRELA-DE-PAGO-ED\.venv\Lib\site-packages\wfastcgi.py", line 774, in main
    record = read_fastcgi_record(fcgi_stream)
  File "C:\Users\Administrator\Documents\PASRELA-DE-PAGO-ED\.venv\Lib\site-packages\wfastcgi.py", line 158, in read_fastcgi_record
    data = stream.read(8)     # read record
OSError: [Errno 22] Invalid argument
2026-06-04 08:31:57.666939: Running on_exit tasks
2026-06-04 08:31:57.675720: wfastcgi.py 3.0.0 closed
2026-06-04 18:18:24.281803: wfastcgi.py will restart when files in C:\Users\Administrator\Documents\PASRELA-DE-PAGO-ED\backend\ are changed: .*((\.py)|(\.config))$
2026-06-04 18:18:24.294101: wfastcgi.py 3.0.0 initialized
2026-06-04 18:23:38.707014: Unhandled exception in wfastcgi.py: Traceback (most recent call last):
  File "C:\Users\Administrator\Documents\PASRELA-DE-PAGO-ED\.venv\Lib\site-packages\wfastcgi.py", line 774, in main
    record = read_fastcgi_record(fcgi_stream)
  File "C:\Users\Administrator\Documents\PASRELA-DE-PAGO-ED\.venv\Lib\site-packages\wfastcgi.py", line 158, in read_fastcgi_record
    data = stream.read(8)     # read record
OSError: [Errno 22] Invalid argument
2026-06-04 18:23:38.718423: Running on_exit tasks
2026-06-04 18:23:38.729834: wfastcgi.py 3.0.0 closed
2026-06-04 19:58:30.373785: wfastcgi.py will restart when files in C:\Users\Administrator\Documents\PASRELA-DE-PAGO-ED\backend\ are changed: .*((\.py)|(\.config))$
2026-06-04 19:58:30.386039: wfastcgi.py 3.0.0 initialized
2026-06-04 20:03:44.830393: Unhandled exception in wfastcgi.py: Traceback (most recent call last):
  File "C:\Users\Administrator\Documents\PASRELA-DE-PAGO-ED\.venv\Lib\site-packages\wfastcgi.py", line 774, in main
    record = read_fastcgi_record(fcgi_stream)
  File "C:\Users\Administrator\Documents\PASRELA-DE-PAGO-ED\.venv\Lib\site-packages\wfastcgi.py", line 158, in read_fastcgi_record
    data = stream.read(8)     # read record
OSError: [Errno 22] Invalid argument
2026-06-04 20:03:44.841875: Running on_exit tasks
2026-06-04 20:03:44.853379: wfastcgi.py 3.0.0 closed
2026-06-05 06:30:25.429558: wfastcgi.py will restart when files in C:\Users\Administrator\Documents\PASRELA-DE-PAGO-ED\backend\ are changed: .*((\.py)|(\.config))$
2026-06-05 06:30:25.437562: wfastcgi.py 3.0.0 initialized
2026-06-05 06:35:39.712217: Unhandled exception in wfastcgi.py: Traceback (most recent call last):
  File "C:\Users\Administrator\Documents\PASRELA-DE-PAGO-ED\.venv\Lib\site-packages\wfastcgi.py", line 774, in main
    record = read_fastcgi_record(fcgi_stream)
  File "C:\Users\Administrator\Documents\PASRELA-DE-PAGO-ED\.venv\Lib\site-packages\wfastcgi.py", line 158, in read_fastcgi_record
    data = stream.read(8)     # read record
OSError: [Errno 22] Invalid argument
2026-06-05 06:35:39.721650: Running on_exit tasks
2026-06-05 06:35:39.730254: wfastcgi.py 3.0.0 closed
2026-06-05 07:05:59.456247: wfastcgi.py will restart when files in C:\Users\Administrator\Documents\PASRELA-DE-PAGO-ED\backend\ are changed: .*((\.py)|(\.config))$
2026-06-05 07:05:59.465767: wfastcgi.py 3.0.0 initialized
2026-06-05 07:11:13.917960: Unhandled exception in wfastcgi.py: Traceback (most recent call last):
  File "C:\Users\Administrator\Documents\PASRELA-DE-PAGO-ED\.venv\Lib\site-packages\wfastcgi.py", line 774, in main
    record = read_fastcgi_record(fcgi_stream)
  File "C:\Users\Administrator\Documents\PASRELA-DE-PAGO-ED\.venv\Lib\site-packages\wfastcgi.py", line 158, in read_fastcgi_record
    data = stream.read(8)     # read record
OSError: [Errno 22] Invalid argument
2026-06-05 07:11:13.928864: Running on_exit tasks
2026-06-05 07:11:13.940125: wfastcgi.py 3.0.0 closed
2026-06-05 18:46:32.810549: wfastcgi.py will restart when files in C:\Users\Administrator\Documents\PASRELA-DE-PAGO-ED\backend\ are changed: .*((\.py)|(\.config))$
2026-06-05 18:46:32.819169: wfastcgi.py 3.0.0 initialized
2026-06-05 18:51:47.276686: Unhandled exception in wfastcgi.py: Traceback (most recent call last):
  File "C:\Users\Administrator\Documents\PASRELA-DE-PAGO-ED\.venv\Lib\site-packages\wfastcgi.py", line 774, in main
    record = read_fastcgi_record(fcgi_stream)
  File "C:\Users\Administrator\Documents\PASRELA-DE-PAGO-ED\.venv\Lib\site-packages\wfastcgi.py", line 158, in read_fastcgi_record
    data = stream.read(8)     # read record
OSError: [Errno 22] Invalid argument
2026-06-05 18:51:47.286452: Running on_exit tasks
2026-06-05 18:51:47.295459: wfastcgi.py 3.0.0 closed
2026-06-06 07:11:06.574167: wfastcgi.py will restart when files in C:\Users\Administrator\Documents\PASRELA-DE-PAGO-ED\backend\ are changed: .*((\.py)|(\.config))$
2026-06-06 07:11:06.584705: wfastcgi.py 3.0.0 initialized
2026-06-06 07:16:20.927295: Unhandled exception in wfastcgi.py: Traceback (most recent call last):
  File "C:\Users\Administrator\Documents\PASRELA-DE-PAGO-ED\.venv\Lib\site-packages\wfastcgi.py", line 774, in main
    record = read_fastcgi_record(fcgi_stream)
  File "C:\Users\Administrator\Documents\PASRELA-DE-PAGO-ED\.venv\Lib\site-packages\wfastcgi.py", line 158, in read_fastcgi_record
    data = stream.read(8)     # read record
OSError: [Errno 22] Invalid argument
2026-06-06 07:16:20.938212: Running on_exit tasks
2026-06-06 07:16:20.948623: wfastcgi.py 3.0.0 closed
2026-06-08 08:18:14.021730: wfastcgi.py will restart when files in C:\Users\Administrator\Documents\PASRELA-DE-PAGO-ED\backend\ are changed: .*((\.py)|(\.config))$
2026-06-08 08:18:14.033395: wfastcgi.py 3.0.0 initialized
2026-06-08 08:23:28.335722: Unhandled exception in wfastcgi.py: Traceback (most recent call last):
  File "C:\Users\Administrator\Documents\PASRELA-DE-PAGO-ED\.venv\Lib\site-packages\wfastcgi.py", line 774, in main
    record = read_fastcgi_record(fcgi_stream)
  File "C:\Users\Administrator\Documents\PASRELA-DE-PAGO-ED\.venv\Lib\site-packages\wfastcgi.py", line 158, in read_fastcgi_record
    data = stream.read(8)     # read record
OSError: [Errno 22] Invalid argument
2026-06-08 08:23:28.346946: Running on_exit tasks
2026-06-08 08:23:28.356250: wfastcgi.py 3.0.0 closed
2026-06-08 11:07:47.090843: wfastcgi.py will restart when files in C:\Users\Administrator\Documents\PASRELA-DE-PAGO-ED\backend\ are changed: .*((\.py)|(\.config))$
2026-06-08 11:07:47.099631: wfastcgi.py 3.0.0 initialized
2026-06-08 11:13:01.589405: Unhandled exception in wfastcgi.py: Traceback (most recent call last):
  File "C:\Users\Administrator\Documents\PASRELA-DE-PAGO-ED\.venv\Lib\site-packages\wfastcgi.py", line 774, in main
    record = read_fastcgi_record(fcgi_stream)
  File "C:\Users\Administrator\Documents\PASRELA-DE-PAGO-ED\.venv\Lib\site-packages\wfastcgi.py", line 158, in read_fastcgi_record
    data = stream.read(8)     # read record
OSError: [Errno 22] Invalid argument
2026-06-08 11:13:01.598921: Running on_exit tasks
2026-06-08 11:13:01.607967: wfastcgi.py 3.0.0 closed
2026-06-08 19:31:13.332991: wfastcgi.py will restart when files in C:\Users\Administrator\Documents\PASRELA-DE-PAGO-ED\backend\ are changed: .*((\.py)|(\.config))$
2026-06-08 19:31:13.341966: wfastcgi.py 3.0.0 initialized
2026-06-08 19:31:18.433698: wfastcgi.py will restart when files in C:\Users\Administrator\Documents\PASRELA-DE-PAGO-ED\backend\ are changed: .*((\.py)|(\.config))$
2026-06-08 19:31:18.443571: wfastcgi.py 3.0.0 initialized
2026-06-08 19:36:27.815355: Unhandled exception in wfastcgi.py: Traceback (most recent call last):
  File "C:\Users\Administrator\Documents\PASRELA-DE-PAGO-ED\.venv\Lib\site-packages\wfastcgi.py", line 774, in main
    record = read_fastcgi_record(fcgi_stream)
  File "C:\Users\Administrator\Documents\PASRELA-DE-PAGO-ED\.venv\Lib\site-packages\wfastcgi.py", line 158, in read_fastcgi_record
    data = stream.read(8)     # read record
OSError: [Errno 22] Invalid argument
2026-06-08 19:36:27.825615: Running on_exit tasks
2026-06-08 19:36:27.832690: wfastcgi.py 3.0.0 closed
2026-06-08 19:36:32.943108: Unhandled exception in wfastcgi.py: Traceback (most recent call last):
  File "C:\Users\Administrator\Documents\PASRELA-DE-PAGO-ED\.venv\Lib\site-packages\wfastcgi.py", line 774, in main
    record = read_fastcgi_record(fcgi_stream)
  File "C:\Users\Administrator\Documents\PASRELA-DE-PAGO-ED\.venv\Lib\site-packages\wfastcgi.py", line 158, in read_fastcgi_record
    data = stream.read(8)     # read record
OSError: [Errno 22] Invalid argument
2026-06-08 19:36:32.953373: Running on_exit tasks
2026-06-08 19:36:32.962861: wfastcgi.py 3.0.0 closed
2026-06-10 08:56:23.575508: wfastcgi.py will restart when files in C:\Users\Administrator\Documents\PASRELA-DE-PAGO-ED\backend\ are changed: .*((\.py)|(\.config))$
2026-06-10 08:56:23.583900: wfastcgi.py 3.0.0 initialized
2026-06-10 08:56:23.583977: wfastcgi.py 3.0.0 initialized
2026-06-10 09:01:37.646054: Unhandled exception in wfastcgi.py: Traceback (most recent call last):
  File "C:\Users\Administrator\Documents\PASRELA-DE-PAGO-ED\.venv\Lib\site-packages\wfastcgi.py", line 774, in main
    record = read_fastcgi_record(fcgi_stream)
  File "C:\Users\Administrator\Documents\PASRELA-DE-PAGO-ED\.venv\Lib\site-packages\wfastcgi.py", line 158, in read_fastcgi_record
    data = stream.read(8)     # read record
OSError: [Errno 22] Invalid argument
2026-06-10 09:01:37.654654: Unhandled exception in wfastcgi.py: Traceback (most recent call last):
  File "C:\Users\Administrator\Documents\PASRELA-DE-PAGO-ED\.venv\Lib\site-packages\wfastcgi.py", line 774, in main
    record = read_fastcgi_record(fcgi_stream)
  File "C:\Users\Administrator\Documents\PASRELA-DE-PAGO-ED\.venv\Lib\site-packages\wfastcgi.py", line 158, in read_fastcgi_record
    data = stream.read(8)     # read record
OSError: [Errno 22] Invalid argument
2026-06-10 09:01:37.654735: Running on_exit tasks
2026-06-10 09:01:37.662905: Running on_exit tasks
2026-06-10 09:01:37.662948: wfastcgi.py 3.0.0 closed
2026-06-10 09:01:37.672957: wfastcgi.py 3.0.0 closed
2026-06-11 15:33:18.195785: wfastcgi.py will restart when files in C:\Users\Administrator\Documents\PASRELA-DE-PAGO-ED\backend\ are changed: .*((\.py)|(\.config))$
2026-06-11 15:33:18.204526: wfastcgi.py 3.0.0 initialized
2026-06-11 15:37:03.047901: wfastcgi.py exiting because E_Cont\dashboard_auth\inscription_catalogs.py has changed, matching .*((\.py)|(\.config))$
2026-06-11 15:37:03.057157: Running on_exit tasks
2026-06-11 15:37:03.057256: wfastcgi.py exiting because E_Cont\dashboard_auth\inscription_catalogs.py has changed, matching .*((\.py)|(\.config))$
2026-06-11 15:37:03.069573: Running on_exit tasks
